1651751317712	geckodriver	INFO	Listening on 127.0.0.1:51915
1651751320818	mozrunner::runner	INFO	Running command: "C:\\Program Files\\Mozilla Firefox\\firefox.exe" "--marionette" "--remote-debugging-port" "51916" "-no-remote" "-profile" "C:\\Users\\Home\\AppData\\Local\\Temp\\rust_mozprofileamfULr"
[GFX1]: Potential driver version mismatch ignored due to missing DLLs igd10umd64 v= and igd10iumd64 v=
1651751321399	Marionette	INFO	Marionette enabled
[GFX1]: Potential driver version mismatch ignored due to missing DLLs igd10umd64 v= and igd10iumd64 v=
[GFX1-]: Failed to get D3D11VideoDevice: 0x80004002
[GFX1]: Potential driver version mismatch ignored due to missing DLLs igd10umd64 v= and igd10iumd64 v=
[GFX1]: Potential driver version mismatch ignored due to missing DLLs igd10umd64 v= and igd10iumd64 v=
[GFX1]: Potential driver version mismatch ignored due to missing DLLs igd10umd64 v= and igd10iumd64 v=
console.warn: SearchSettings: "get: No settings file exists, new profile?" (new NotFoundError("Could not open the file at C:\\Users\\Home\\AppData\\Local\\Temp\\rust_mozprofileamfULr\\search.json.mozlz4", (void 0)))
DevTools listening on ws://localhost:51916/devtools/browser/1f028349-142b-4e65-ba8c-64d5c56127c6
1651751323828	Marionette	INFO	Listening on port 51923
1651751324021	RemoteAgent	WARN	TLS certificate errors will be ignored for this session
1651751374499	Marionette	INFO	Stopped listening on port 51923
console.warn: TopSitesFeed: Failed to fetch data from Contile server: NetworkError when attempting to fetch resource.
remote-debugging-port" "51967" "-no-remote" "-profile" "C:\\Users\\Home\\AppData\\Local\\Temp\\rust_mozprofileU51nYY"
[GFX1]: Potential driver version mismatch ignored due to missing DLLs igd10umd64 v= and igd10iumd64 v=
1651751339610	Marionette	INFO	Marionette enabled
[GFX1]: Potential driver version mismatch ignored due to missing DLLs igd10umd64 v= and igd10iumd64 v=
[GFX1]: Potential driver version mismatch ignored due to missing DLLs igd10umd64 v= and igd10iumd64 v=
[GFX1-]: Failed to get D3D11VideoDevice: 0x80004002
[GFX1]: Potential driver version mismatch ignored due to missing DLLs igd10umd64 v= and igd10iumd64 v=
[GFX1]: Potential driver version mismatch ignored due to missing DLLs igd10umd64 v= and igd10iumd64 v=
console.warn: SearchSettings: "get: No settings file exists, new profile?" (new NotFoundError("Could not open the file at C:\\Users\\Home\\AppData\\Local\\Temp\\rust_mozprofileU51nYY\\search.json.mozlz4", (void 0)))
DevTools listening on ws://localhost:51967/devtools/browser/4941e705-49a9-471e-834f-2521f2dd454b
1651751341883	Marionette	INFO	Listening on port 51972
1651751342301	RemoteAgent	WARN	TLS certificate errors will be ignored for this session
1651751375464	Marionette	INFO	Stopped listening on port 51972
console.warn: TopSitesFeed: Failed to fetch data from Contile server: NetworkError when attempting to fetch resource.
1651751379135	geckodriver	INFO	Listening on 127.0.0.1:52028
1651751382223	mozrunner::runner	INFO	Running command: "C:\\Program Files\\Mozilla Firefox\\firefox.exe" "--marionette" "--remote-debugging-port" "52029" "-no-remote" "-profile" "C:\\Users\\Home\\AppData\\Local\\Temp\\rust_mozprofileF2gcJA"
[GFX1]: Potential driver version mismatch ignored due to missing DLLs igd10umd64 v= and igd10iumd64 v=
1651751382730	Marionette	INFO	Marionette enabled
[GFX1]: Potential driver version mismatch ignored due to missing DLLs igd10umd64 v= and igd10iumd64 v=
[GFX1-]: Failed to get D3D11VideoDevice: 0x80004002
[GFX1]: Potential driver version mismatch ignored due to missing DLLs igd10umd64 v= and igd10iumd64 v=
[GFX1]: Potential driver version mismatch ignored due to missing DLLs igd10umd64 v= and igd10iumd64 v=
[GFX1]: Potential driver version mismatch ignored due to missing DLLs igd10umd64 v= and igd10iumd64 v=
console.warn: SearchSettings: "get: No settings file exists, new profile?" (new NotFoundError("Could not open the file at C:\\Users\\Home\\AppData\\Local\\Temp\\rust_mozprofileF2gcJA\\search.json.mozlz4", (void 0)))
DevTools listening on ws://localhost:52029/devtools/browser/8745ac53-3b11-4bc1-808e-90121a21281b
1651751385087	Marionette	INFO	Listening on port 52034
1651751385419	RemoteAgent	WARN	TLS certificate errors will be ignored for this session
JavaScript warning: https://mc.yandex.ru/metrika/watch_serp.js, line 13: WEBGL_debug_renderer_info is deprecated in Firefox and will be removed. Please use RENDERER.
JavaScript warning: https://mc.yandex.ru/metrika/watch.js, line 13: WEBGL_debug_renderer_info is deprecated in Firefox and will be removed. Please use RENDERER.
1651757441416	Marionette	INFO	Stopped listening on port 52034
console.warn: TopSitesFeed: Failed to fetch data from Contile server: NetworkError when attempting to fetch resource.
remote-debugging-port" "61858" "-no-remote" "-profile" "C:\\Users\\Home\\AppData\\Local\\Temp\\rust_mozprofileZPi0un"
[GFX1]: Potential driver version mismatch ignored due to missing DLLs igd10umd64 v= and igd10iumd64 v=
1651751616813	Marionette	INFO	Marionette enabled
[GFX1]: Potential driver version mismatch ignored due to missing DLLs igd10umd64 v= and igd10iumd64 v=
[GFX1-]: Failed to get D3D11VideoDevice: 0x80004002
[GFX1]: Potential driver version mismatch ignored due to missing DLLs igd10umd64 v= and igd10iumd64 v=
[GFX1]: Potential driver version mismatch ignored due to missing DLLs igd10umd64 v= and igd10iumd64 v=
[GFX1]: Potential driver version mismatch ignored due to missing DLLs igd10umd64 v= and igd10iumd64 v=
console.warn: SearchSettings: "get: No settings file exists, new profile?" (new NotFoundError("Could not open the file at C:\\Users\\Home\\AppData\\Local\\Temp\\rust_mozprofileZPi0un\\search.json.mozlz4", (void 0)))
DevTools listening on ws://localhost:61858/devtools/browser/2475cdcf-827e-4ba5-9328-bc169be12f55
1651751620427	Marionette	INFO	Listening on port 61863
1651751620517	RemoteAgent	WARN	TLS certificate errors will be ignored for this session
JavaScript warning: https://mc.yandex.ru/metrika/watch_serp.js, line 13: WEBGL_debug_renderer_info is deprecated in Firefox and will be removed. Please use RENDERER.
JavaScript warning: https://mc.yandex.ru/metrika/watch.js, line 13: WEBGL_debug_renderer_info is deprecated in Firefox and will be removed. Please use RENDERER.
1651757440610	Marionette	INFO	Stopped listening on port 61863
console.warn: TopSitesFeed: Failed to fetch data from Contile server: NetworkError when attempting to fetch resource.
1651892390899	geckodriver	INFO	Listening on 127.0.0.1:57481
1651892393955	mozrunner::runner	INFO	Running command: "C:\\Program Files\\Mozilla Firefox\\firefox.exe" "--marionette" "--remote-debugging-port" "57482" "-no-remote" "-profile" "C:\\Users\\Home\\AppData\\Local\\Temp\\rust_mozprofileajLfv2"
[GFX1]: Potential driver version mismatch ignored due to missing DLLs igd10umd64 v= and igd10iumd64 v=
1651892394676	Marionette	INFO	Marionette enabled
[GFX1]: Potential driver version mismatch ignored due to missing DLLs igd10umd64 v= and igd10iumd64 v=
[GFX1-]: Failed to get D3D11VideoDevice: 0x80004002
[GFX1]: Potential driver version mismatch ignored due to missing DLLs igd10umd64 v= and igd10iumd64 v=
[GFX1]: Potential driver version mismatch ignored due to missing DLLs igd10umd64 v= and igd10iumd64 v=
[GFX1]: Potential driver version mismatch ignored due to missing DLLs igd10umd64 v= and igd10iumd64 v=
console.warn: SearchSettings: "get: No settings file exists, new profile?" (new NotFoundError("Could not open the file at C:\\Users\\Home\\AppData\\Local\\Temp\\rust_mozprofileajLfv2\\search.json.mozlz4", (void 0)))
DevTools listening on ws://localhost:57482/devtools/browser/28374a02-404c-4a69-9beb-f0f6d7ce0d73
1651892397244	Marionette	INFO	Listening on port 57487
1651892397659	RemoteAgent	WARN	TLS certificate errors will be ignored for this session
1651892414800	Marionette	INFO	Stopped listening on port 57487
console.warn: TopSitesFeed: Failed to fetch data from Contile server: NetworkError when attempting to fetch resource.
JavaScript error: chrome://remote/content/marionette/cert.js, line 55: NS_ERROR_NOT_AVAILABLE: Component returned failure code: 0x80040111 (NS_ERROR_NOT_AVAILABLE) [nsICertOverrideService.setDisableAllSecurityChecksAndLetAttackersInterceptMyData]
1651892549478	geckodriver	INFO	Listening on 127.0.0.1:57561
1651892552573	mozrunner::runner	INFO	Running command: "C:\\Program Files\\Mozilla Firefox\\firefox.exe" "--marionette" "--remote-debugging-port" "57562" "-no-remote" "-profile" "C:\\Users\\Home\\AppData\\Local\\Temp\\rust_mozprofileGt8dwx"
[GFX1]: Potential driver version mismatch ignored due to missing DLLs igd10umd64 v= and igd10iumd64 v=
1651892553109	Marionette	INFO	Marionette enabled
[GFX1]: Potential driver version mismatch ignored due to missing DLLs igd10umd64 v= and igd10iumd64 v=
[GFX1-]: Failed to get D3D11VideoDevice: 0x80004002
[GFX1]: Potential driver version mismatch ignored due to missing DLLs igd10umd64 v= and igd10iumd64 v=
[GFX1]: Potential driver version mismatch ignored due to missing DLLs igd10umd64 v= and igd10iumd64 v=
[GFX1]: Potential driver version mismatch ignored due to missing DLLs igd10umd64 v= and igd10iumd64 v=
console.warn: SearchSettings: "get: No settings file exists, new profile?" (new NotFoundError("Could not open the file at C:\\Users\\Home\\AppData\\Local\\Temp\\rust_mozprofileGt8dwx\\search.json.mozlz4", (void 0)))
DevTools listening on ws://localhost:57562/devtools/browser/25bca072-8921-4eab-aea1-98cb64d10c06
1651892555484	Marionette	INFO	Listening on port 57568
1651892555756	RemoteAgent	WARN	TLS certificate errors will be ignored for this session
1651892563690	Marionette	INFO	Stopped listening on port 57568
console.warn: TopSitesFeed: Failed to fetch data from Contile server: NetworkError when attempting to fetch resource.
JavaScript error: chrome://remote/content/marionette/cert.js, line 55: NS_ERROR_NOT_AVAILABLE: Component returned failure code: 0x80040111 (NS_ERROR_NOT_AVAILABLE) [nsICertOverrideService.setDisableAllSecurityChecksAndLetAttackersInterceptMyData]
[Parent 7472, IPC I/O Parent] WARNING: DuplicateHandle failed for handle 0 in TransferHandles: file /builds/worker/checkouts/gecko/ipc/chromium/src/chrome/common/ipc_channel_win.cc:725

###!!! [Child][PContentChild] Error: RunMessage(msgname=PWebSocket::Msg_OnStop) Channel closing: too late to send/recv, messages will be lost


###!!! [Child][PContentChild] Error: Send(msgname=PHttpChannel::Msg_Cancel) Channel closing: too late to send/recv, messages will be lost


###!!! [Child][PContentChild] Error: Send(msgname=PHttpChannel::Msg_DeletingChannel) Channel closing: too late to send/recv, messages will be lost

1651892862078	geckodriver	INFO	Listening on 127.0.0.1:57680
1651892865173	mozrunner::runner	INFO	Running command: "C:\\Program Files\\Mozilla Firefox\\firefox.exe" "--marionette" "--remote-debugging-port" "57681" "-no-remote" "-profile" "C:\\Users\\Home\\AppData\\Local\\Temp\\rust_mozprofileFaoNcK"
[GFX1]: Potential driver version mismatch ignored due to missing DLLs igd10umd64 v= and igd10iumd64 v=
1651892865694	Marionette	INFO	Marionette enabled
[GFX1]: Potential driver version mismatch ignored due to missing DLLs igd10umd64 v= and igd10iumd64 v=
[GFX1-]: Failed to get D3D11VideoDevice: 0x80004002
[GFX1]: Potential driver version mismatch ignored due to missing DLLs igd10umd64 v= and igd10iumd64 v=
[GFX1]: Potential driver version mismatch ignored due to missing DLLs igd10umd64 v= and igd10iumd64 v=
[GFX1]: Potential driver version mismatch ignored due to missing DLLs igd10umd64 v= and igd10iumd64 v=
console.warn: SearchSettings: "get: No settings file exists, new profile?" (new NotFoundError("Could not open the file at C:\\Users\\Home\\AppData\\Local\\Temp\\rust_mozprofileFaoNcK\\search.json.mozlz4", (void 0)))
DevTools listening on ws://localhost:57681/devtools/browser/38c95a37-0ff4-4f67-9be6-610fb644c8db
1651892867992	Marionette	INFO	Listening on port 57686
1651892868362	RemoteAgent	WARN	TLS certificate errors will be ignored for this session
1651892874976	Marionette	INFO	Stopped listening on port 57686
console.warn: TopSitesFeed: Failed to fetch data from Contile server: NetworkError when attempting to fetch resource.
JavaScript error: chrome://remote/content/marionette/cert.js, line 55: NS_ERROR_NOT_AVAILABLE: Component returned failure code: 0x80040111 (NS_ERROR_NOT_AVAILABLE) [nsICertOverrideService.setDisableAllSecurityChecksAndLetAttackersInterceptMyData]

###!!! [Child][PContentChild] Error: RunMessage(msgname=PHttpChannel::Msg_DeleteSelf) Channel closing: too late to send/recv, messages will be lost

1651892896621	geckodriver	INFO	Listening on 127.0.0.1:57745
1651892899685	mozrunner::runner	INFO	Running command: "C:\\Program Files\\Mozilla Firefox\\firefox.exe" "--marionette" "--remote-debugging-port" "57746" "-no-remote" "-profile" "C:\\Users\\Home\\AppData\\Local\\Temp\\rust_mozprofiles26wSp"
[GFX1]: Potential driver version mismatch ignored due to missing DLLs igd10umd64 v= and igd10iumd64 v=
1651892900213	Marionette	INFO	Marionette enabled
[GFX1]: Potential driver version mismatch ignored due to missing DLLs igd10umd64 v= and igd10iumd64 v=
[GFX1-]: Failed to get D3D11VideoDevice: 0x80004002
[GFX1]: Potential driver version mismatch ignored due to missing DLLs igd10umd64 v= and igd10iumd64 v=
[GFX1]: Potential driver version mismatch ignored due to missing DLLs igd10umd64 v= and igd10iumd64 v=
[GFX1]: Potential driver version mismatch ignored due to missing DLLs igd10umd64 v= and igd10iumd64 v=
console.warn: SearchSettings: "get: No settings file exists, new profile?" (new NotFoundError("Could not open the file at C:\\Users\\Home\\AppData\\Local\\Temp\\rust_mozprofiles26wSp\\search.json.mozlz4", (void 0)))
DevTools listening on ws://localhost:57746/devtools/browser/32933295-8756-4da0-afa9-26cce72f2ec1
1651892902530	Marionette	INFO	Listening on port 57751
1651892902867	RemoteAgent	WARN	TLS certificate errors will be ignored for this session
1651892946524	geckodriver	INFO	Listening on 127.0.0.1:57817
1651892949617	mozrunner::runner	INFO	Running command: "C:\\Program Files\\Mozilla Firefox\\firefox.exe" "--marionette" "--remote-debugging-port" "57818" "-no-remote" "-profile" "C:\\Users\\Home\\AppData\\Local\\Temp\\rust_mozprofilea0NA51"
[GFX1]: Potential driver version mismatch ignored due to missing DLLs igd10umd64 v= and igd10iumd64 v=
1651892950268	Marionette	INFO	Marionette enabled
[GFX1]: Potential driver version mismatch ignored due to missing DLLs igd10umd64 v= and igd10iumd64 v=
[GFX1-]: Failed to get D3D11VideoDevice: 0x80004002
[GFX1]: Potential driver version mismatch ignored due to missing DLLs igd10umd64 v= and igd10iumd64 v=
[GFX1]: Potential driver version mismatch ignored due to missing DLLs igd10umd64 v= and igd10iumd64 v=
[GFX1]: Potential driver version mismatch ignored due to missing DLLs igd10umd64 v= and igd10iumd64 v=
console.warn: SearchSettings: "get: No settings file exists, new profile?" (new NotFoundError("Could not open the file at C:\\Users\\Home\\AppData\\Local\\Temp\\rust_mozprofilea0NA51\\search.json.mozlz4", (void 0)))
DevTools listening on ws://localhost:57818/devtools/browser/9eb11140-159a-4fd2-a9ed-9cee7596aadd
1651892952734	Marionette	INFO	Listening on port 57823
1651892952820	RemoteAgent	WARN	TLS certificate errors will be ignored for this session
1651893352986	geckodriver	INFO	Listening on 127.0.0.1:56562
1651893356107	mozrunner::runner	INFO	Running command: "C:\\Program Files\\Mozilla Firefox\\firefox.exe" "--marionette" "--remote-debugging-port" "56563" "-no-remote" "-profile" "C:\\Users\\Home\\AppData\\Local\\Temp\\rust_mozprofileauvqYH"
[GFX1]: Potential driver version mismatch ignored due to missing DLLs igd10umd64 v= and igd10iumd64 v=
1651893356687	Marionette	INFO	Marionette enabled
[GFX1]: Potential driver version mismatch ignored due to missing DLLs igd10umd64 v= and igd10iumd64 v=
[GFX1-]: Failed to get D3D11VideoDevice: 0x80004002
[GFX1]: Potential driver version mismatch ignored due to missing DLLs igd10umd64 v= and igd10iumd64 v=
[GFX1]: Potential driver version mismatch ignored due to missing DLLs igd10umd64 v= and igd10iumd64 v=
[GFX1]: Potential driver version mismatch ignored due to missing DLLs igd10umd64 v= and igd10iumd64 v=
console.warn: SearchSettings: "get: No settings file exists, new profile?" (new NotFoundError("Could not open the file at C:\\Users\\Home\\AppData\\Local\\Temp\\rust_mozprofileauvqYH\\search.json.mozlz4", (void 0)))
DevTools listening on ws://localhost:56563/devtools/browser/c933ca53-6a03-4adc-985a-b3003307321f
1651893358913	Marionette	INFO	Listening on port 56571
1651893359286	RemoteAgent	WARN	TLS certificate errors will be ignored for this session
1651893371016	Marionette	INFO	Stopped listening on port 56571
console.warn: TopSitesFeed: Failed to fetch data from Contile server: NetworkError when attempting to fetch resource.
JavaScript error: chrome://remote/content/marionette/cert.js, line 55: NS_ERROR_NOT_AVAILABLE: Component returned failure code: 0x80040111 (NS_ERROR_NOT_AVAILABLE) [nsICertOverrideService.setDisableAllSecurityChecksAndLetAttackersInterceptMyData]

###!!! [Child][PContentChild] Error: Send(msgname=PHttpChannel::Msg_Cancel) Channel closing: too late to send/recv, messages will be lost


###!!! [Child][PContentChild] Error: Send(msgname=PHttpChannel::Msg_DeletingChannel) Channel closing: too late to send/recv, messages will be lost

1651893448932	geckodriver	INFO	Listening on 127.0.0.1:56682
1651893452065	mozrunner::runner	INFO	Running command: "C:\\Program Files\\Mozilla Firefox\\firefox.exe" "--marionette" "--remote-debugging-port" "56683" "-no-remote" "-profile" "C:\\Users\\Home\\AppData\\Local\\Temp\\rust_mozprofileFVyu48"
[GFX1]: Potential driver version mismatch ignored due to missing DLLs igd10umd64 v= and igd10iumd64 v=
1651893452595	Marionette	INFO	Marionette enabled
[GFX1]: Potential driver version mismatch ignored due to missing DLLs igd10umd64 v= and igd10iumd64 v=
[GFX1-]: Failed to get D3D11VideoDevice: 0x80004002
[GFX1]: Potential driver version mismatch ignored due to missing DLLs igd10umd64 v= and igd10iumd64 v=
[GFX1]: Potential driver version mismatch ignored due to missing DLLs igd10umd64 v= and igd10iumd64 v=
[GFX1]: Potential driver version mismatch ignored due to missing DLLs igd10umd64 v= and igd10iumd64 v=
console.warn: SearchSettings: "get: No settings file exists, new profile?" (new NotFoundError("Could not open the file at C:\\Users\\Home\\AppData\\Local\\Temp\\rust_mozprofileFVyu48\\search.json.mozlz4", (void 0)))
DevTools listening on ws://localhost:56683/devtools/browser/72c5f894-8258-4621-982b-686f72d94643
1651893455304	Marionette	INFO	Listening on port 56689
1651893455783	RemoteAgent	WARN	TLS certificate errors will be ignored for this session
1651893470546	Marionette	INFO	Stopped listening on port 56689
console.warn: TopSitesFeed: Failed to fetch data from Contile server: NetworkError when attempting to fetch resource.
JavaScript error: chrome://remote/content/marionette/cert.js, line 55: NS_ERROR_NOT_AVAILABLE: Component returned failure code: 0x80040111 (NS_ERROR_NOT_AVAILABLE) [nsICertOverrideService.setDisableAllSecurityChecksAndLetAttackersInterceptMyData]
1651893634364	geckodriver	INFO	Listening on 127.0.0.1:56782
1651893637453	mozrunner::runner	INFO	Running command: "C:\\Program Files\\Mozilla Firefox\\firefox.exe" "--marionette" "--remote-debugging-port" "56783" "-no-remote" "-profile" "C:\\Users\\Home\\AppData\\Local\\Temp\\rust_mozprofileTduzqc"
[GFX1]: Potential driver version mismatch ignored due to missing DLLs igd10umd64 v= and igd10iumd64 v=
1651893638027	Marionette	INFO	Marionette enabled
[GFX1]: Potential driver version mismatch ignored due to missing DLLs igd10umd64 v= and igd10iumd64 v=
[GFX1-]: Failed to get D3D11VideoDevice: 0x80004002
[GFX1]: Potential driver version mismatch ignored due to missing DLLs igd10umd64 v= and igd10iumd64 v=
[GFX1]: Potential driver version mismatch ignored due to missing DLLs igd10umd64 v= and igd10iumd64 v=
[GFX1]: Potential driver version mismatch ignored due to missing DLLs igd10umd64 v= and igd10iumd64 v=
console.warn: SearchSettings: "get: No settings file exists, new profile?" (new NotFoundError("Could not open the file at C:\\Users\\Home\\AppData\\Local\\Temp\\rust_mozprofileTduzqc\\search.json.mozlz4", (void 0)))
DevTools listening on ws://localhost:56783/devtools/browser/7e1cafa0-853d-42ee-b693-851b0602e2ce
1651893640298	Marionette	INFO	Listening on port 56788
1651893640627	RemoteAgent	WARN	TLS certificate errors will be ignored for this session
1651894775355	Marionette	INFO	Stopped listening on port 56788
console.warn: TopSitesFeed: Failed to fetch data from Contile server: NetworkError when attempting to fetch resource.
JavaScript error: chrome://remote/content/marionette/cert.js, line 55: NS_ERROR_NOT_AVAILABLE: Component returned failure code: 0x80040111 (NS_ERROR_NOT_AVAILABLE) [nsICertOverrideService.setDisableAllSecurityChecksAndLetAttackersInterceptMyData]
NFO	Marionette enabled
[GFX1]: Potential driver version mismatch ignored due to missing DLLs igd10umd64 v= and igd10iumd64 v=
[GFX1-]: Failed to get D3D11VideoDevice: 0x80004002
[GFX1]: Potential driver version mismatch ignored due to missing DLLs igd10umd64 v= and igd10iumd64 v=
[GFX1]: Potential driver version mismatch ignored due to missing DLLs igd10umd64 v= and igd10iumd64 v=
[GFX1]: Potential driver version mismatch ignored due to missing DLLs igd10umd64 v= and igd10iumd64 v=
console.warn: SearchSettings: "get: No settings file exists, new profile?" (new NotFoundError("Could not open the file at C:\\Users\\Home\\AppData\\Local\\Temp\\rust_mozprofilebuF7LM\\search.json.mozlz4", (void 0)))
DevTools listening on ws://localhost:59191/devtools/browser/f48b0642-0a27-4e5b-b7e2-0f6876351361
1651893892664	Marionette	INFO	Listening on port 59196
1651893893105	RemoteAgent	WARN	TLS certificate errors will be ignored for this session
JavaScript error: https://static.wbstatic.net/j/spa/index.min.js?eb186c5f616d3135, line 176: Error: 
1651894543042	Marionette	INFO	Stopped listening on port 59196
console.warn: TopSitesFeed: Failed to fetch data from Contile server: NetworkError when attempting to fetch resource.
JavaScript error: chrome://remote/content/marionette/cert.js, line 55: NS_ERROR_NOT_AVAILABLE: Component returned failure code: 0x80040111 (NS_ERROR_NOT_AVAILABLE) [nsICertOverrideService.setDisableAllSecurityChecksAndLetAttackersInterceptMyData]
1651894676418	geckodriver	INFO	Listening on 127.0.0.1:59389
1651894679509	mozrunner::runner	INFO	Running command: "C:\\Program Files\\Mozilla Firefox\\firefox.exe" "--marionette" "--remote-debugging-port" "59390" "-no-remote" "-profile" "C:\\Users\\Home\\AppData\\Local\\Temp\\rust_mozprofileGj3bWB"
[GFX1]: Potential driver version mismatch ignored due to missing DLLs igd10umd64 v= and igd10iumd64 v=
1651894680045	Marionette	INFO	Marionette enabled
[GFX1]: Potential driver version mismatch ignored due to missing DLLs igd10umd64 v= and igd10iumd64 v=
[GFX1-]: Failed to get D3D11VideoDevice: 0x80004002
[GFX1]: Potential driver version mismatch ignored due to missing DLLs igd10umd64 v= and igd10iumd64 v=
[GFX1]: Potential driver version mismatch ignored due to missing DLLs igd10umd64 v= and igd10iumd64 v=
[GFX1]: Potential driver version mismatch ignored due to missing DLLs igd10umd64 v= and igd10iumd64 v=
console.warn: SearchSettings: "get: No settings file exists, new profile?" (new NotFoundError("Could not open the file at C:\\Users\\Home\\AppData\\Local\\Temp\\rust_mozprofileGj3bWB\\search.json.mozlz4", (void 0)))
DevTools listening on ws://localhost:59390/devtools/browser/1e269dcd-353f-4ad7-9291-a83a9ac586a1
1651894682424	Marionette	INFO	Listening on port 59395
1651894682789	RemoteAgent	WARN	TLS certificate errors will be ignored for this session
1651894774564	Marionette	INFO	Stopped listening on port 59395
console.warn: TopSitesFeed: Failed to fetch data from Contile server: NetworkError when attempting to fetch resource.
JavaScript error: chrome://remote/content/marionette/cert.js, line 55: NS_ERROR_NOT_AVAILABLE: Component returned failure code: 0x80040111 (NS_ERROR_NOT_AVAILABLE) [nsICertOverrideService.setDisableAllSecurityChecksAndLetAttackersInterceptMyData]
1651894869610	geckodriver	INFO	Listening on 127.0.0.1:59497
1651894872671	mozrunner::runner	INFO	Running command: "C:\\Program Files\\Mozilla Firefox\\firefox.exe" "--marionette" "--remote-debugging-port" "59498" "-no-remote" "-profile" "C:\\Users\\Home\\AppData\\Local\\Temp\\rust_mozprofilecDU1cY"
[GFX1]: Potential driver version mismatch ignored due to missing DLLs igd10umd64 v= and igd10iumd64 v=
1651894873207	Marionette	INFO	Marionette enabled
[GFX1]: Potential driver version mismatch ignored due to missing DLLs igd10umd64 v= and igd10iumd64 v=
[GFX1-]: Failed to get D3D11VideoDevice: 0x80004002
[GFX1]: Potential driver version mismatch ignored due to missing DLLs igd10umd64 v= and igd10iumd64 v=
[GFX1]: Potential driver version mismatch ignored due to missing DLLs igd10umd64 v= and igd10iumd64 v=
[GFX1]: Potential driver version mismatch ignored due to missing DLLs igd10umd64 v= and igd10iumd64 v=
console.warn: SearchSettings: "get: No settings file exists, new profile?" (new NotFoundError("Could not open the file at C:\\Users\\Home\\AppData\\Local\\Temp\\rust_mozprofilecDU1cY\\search.json.mozlz4", (void 0)))
DevTools listening on ws://localhost:59498/devtools/browser/b03dd2ed-741c-4658-9362-716087c8f6e6
1651894875417	Marionette	INFO	Listening on port 59503
1651894875847	RemoteAgent	WARN	TLS certificate errors will be ignored for this session
1651894883837	Marionette	INFO	Stopped listening on port 59503

###!!! [Parent][PContentParent] Error: Send(msgname=PContent::Msg_DestroyBrowsingContextGroup) Closed channel: cannot send/recv


###!!! [Child][PContentChild] Error: RunMessage(msgname=PContent::Reply_DiscardBrowsingContext) Channel closing: too late to send/recv, messages will be lost

1651894916038	geckodriver	INFO	Listening on 127.0.0.1:59581
1651894919112	mozrunner::runner	INFO	Running command: "C:\\Program Files\\Mozilla Firefox\\firefox.exe" "--marionette" "--remote-debugging-port" "59582" "-no-remote" "-profile" "C:\\Users\\Home\\AppData\\Local\\Temp\\rust_mozprofileIawnAV"
[GFX1]: Potential driver version mismatch ignored due to missing DLLs igd10umd64 v= and igd10iumd64 v=
1651894919635	Marionette	INFO	Marionette enabled
[GFX1]: Potential driver version mismatch ignored due to missing DLLs igd10umd64 v= and igd10iumd64 v=
[GFX1-]: Failed to get D3D11VideoDevice: 0x80004002
[GFX1]: Potential driver version mismatch ignored due to missing DLLs igd10umd64 v= and igd10iumd64 v=
[GFX1]: Potential driver version mismatch ignored due to missing DLLs igd10umd64 v= and igd10iumd64 v=
[GFX1]: Potential driver version mismatch ignored due to missing DLLs igd10umd64 v= and igd10iumd64 v=
console.warn: SearchSettings: "get: No settings file exists, new profile?" (new NotFoundError("Could not open the file at C:\\Users\\Home\\AppData\\Local\\Temp\\rust_mozprofileIawnAV\\search.json.mozlz4", (void 0)))
DevTools listening on ws://localhost:59582/devtools/browser/a9bfa2fb-bc6d-4264-9a0c-26b76726b81f
1651894921918	Marionette	INFO	Listening on port 59588
1651894922314	RemoteAgent	WARN	TLS certificate errors will be ignored for this session
1651894924527	Marionette	INFO	Stopped listening on port 59588
JavaScript error: chrome://remote/content/marionette/cert.js, line 55: NS_ERROR_NOT_AVAILABLE: Component returned failure code: 0x80040111 (NS_ERROR_NOT_AVAILABLE) [nsICertOverrideService.setDisableAllSecurityChecksAndLetAttackersInterceptMyData]
1651894946698	geckodriver	INFO	Listening on 127.0.0.1:59627
1651894949790	mozrunner::runner	INFO	Running command: "C:\\Program Files\\Mozilla Firefox\\firefox.exe" "--marionette" "--remote-debugging-port" "59628" "-no-remote" "-profile" "C:\\Users\\Home\\AppData\\Local\\Temp\\rust_mozprofilej05100"
[GFX1]: Potential driver version mismatch ignored due to missing DLLs igd10umd64 v= and igd10iumd64 v=
1651894950550	Marionette	INFO	Marionette enabled
[GFX1]: Potential driver version mismatch ignored due to missing DLLs igd10umd64 v= and igd10iumd64 v=
[GFX1-]: Failed to get D3D11VideoDevice: 0x80004002
[GFX1]: Potential driver version mismatch ignored due to missing DLLs igd10umd64 v= and igd10iumd64 v=
[GFX1]: Potential driver version mismatch ignored due to missing DLLs igd10umd64 v= and igd10iumd64 v=
[GFX1]: Potential driver version mismatch ignored due to missing DLLs igd10umd64 v= and igd10iumd64 v=
console.warn: SearchSettings: "get: No settings file exists, new profile?" (new NotFoundError("Could not open the file at C:\\Users\\Home\\AppData\\Local\\Temp\\rust_mozprofilej05100\\search.json.mozlz4", (void 0)))
DevTools listening on ws://localhost:59628/devtools/browser/667a9a9a-6512-401f-875a-d8aaf4ae2a9a
1651894953047	Marionette	INFO	Listening on port 59633
1651894953501	RemoteAgent	WARN	TLS certificate errors will be ignored for this session
1651894955944	Marionette	INFO	Stopped listening on port 59633
JavaScript error: chrome://remote/content/marionette/cert.js, line 55: NS_ERROR_NOT_AVAILABLE: Component returned failure code: 0x80040111 (NS_ERROR_NOT_AVAILABLE) [nsICertOverrideService.setDisableAllSecurityChecksAndLetAttackersInterceptMyData]
1651895053829	geckodriver	INFO	Listening on 127.0.0.1:59672
1651895056925	mozrunner::runner	INFO	Running command: "C:\\Program Files\\Mozilla Firefox\\firefox.exe" "--marionette" "--remote-debugging-port" "59673" "-no-remote" "-profile" "C:\\Users\\Home\\AppData\\Local\\Temp\\rust_mozprofilejEDunB"
[GFX1]: Potential driver version mismatch ignored due to missing DLLs igd10umd64 v= and igd10iumd64 v=
1651895057438	Marionette	INFO	Marionette enabled
[GFX1]: Potential driver version mismatch ignored due to missing DLLs igd10umd64 v= and igd10iumd64 v=
[GFX1-]: Failed to get D3D11VideoDevice: 0x80004002
[GFX1]: Potential driver version mismatch ignored due to missing DLLs igd10umd64 v= and igd10iumd64 v=
[GFX1]: Potential driver version mismatch ignored due to missing DLLs igd10umd64 v= and igd10iumd64 v=
[GFX1]: Potential driver version mismatch ignored due to missing DLLs igd10umd64 v= and igd10iumd64 v=
console.warn: SearchSettings: "get: No settings file exists, new profile?" (new NotFoundError("Could not open the file at C:\\Users\\Home\\AppData\\Local\\Temp\\rust_mozprofilejEDunB\\search.json.mozlz4", (void 0)))
DevTools listening on ws://localhost:59673/devtools/browser/bae01b20-c066-4279-8609-300b70d80cd9
1651895059837	Marionette	INFO	Listening on port 59678
1651895060124	RemoteAgent	WARN	TLS certificate errors will be ignored for this session
1651895060460	Marionette	INFO	Stopped listening on port 59678
console.error: services.settings: 
  main/query-stripping Signature failed  TypeError: NetworkError: Network request failed
JavaScript error: chrome://remote/content/marionette/cert.js, line 55: NS_ERROR_NOT_AVAILABLE: Component returned failure code: 0x80040111 (NS_ERROR_NOT_AVAILABLE) [nsICertOverrideService.setDisableAllSecurityChecksAndLetAttackersInterceptMyData]
1651895075935	geckodriver	INFO	Listening on 127.0.0.1:59709
1651895079028	mozrunner::runner	INFO	Running command: "C:\\Program Files\\Mozilla Firefox\\firefox.exe" "--marionette" "--remote-debugging-port" "59710" "-no-remote" "-profile" "C:\\Users\\Home\\AppData\\Local\\Temp\\rust_mozprofilew2WI98"
[GFX1]: Potential driver version mismatch ignored due to missing DLLs igd10umd64 v= and igd10iumd64 v=
1651895079504	Marionette	INFO	Marionette enabled
[GFX1]: Potential driver version mismatch ignored due to missing DLLs igd10umd64 v= and igd10iumd64 v=
[GFX1-]: Failed to get D3D11VideoDevice: 0x80004002
[GFX1]: Potential driver version mismatch ignored due to missing DLLs igd10umd64 v= and igd10iumd64 v=
[GFX1]: Potential driver version mismatch ignored due to missing DLLs igd10umd64 v= and igd10iumd64 v=
[GFX1]: Potential driver version mismatch ignored due to missing DLLs igd10umd64 v= and igd10iumd64 v=
console.warn: SearchSettings: "get: No settings file exists, new profile?" (new NotFoundError("Could not open the file at C:\\Users\\Home\\AppData\\Local\\Temp\\rust_mozprofilew2WI98\\search.json.mozlz4", (void 0)))
DevTools listening on ws://localhost:59710/devtools/browser/6aab2c85-309c-4369-a993-91dbe2fbe209
1651895081683	Marionette	INFO	Listening on port 59715
1651895082228	RemoteAgent	WARN	TLS certificate errors will be ignored for this session
1651895090916	Marionette	INFO	Stopped listening on port 59715
1651895523101	geckodriver	INFO	Listening on 127.0.0.1:59834
1651895526169	mozrunner::runner	INFO	Running command: "C:\\Program Files\\Mozilla Firefox\\firefox.exe" "--marionette" "--remote-debugging-port" "59835" "-no-remote" "-profile" "C:\\Users\\Home\\AppData\\Local\\Temp\\rust_mozprofileKkCH2w"
[GFX1]: Potential driver version mismatch ignored due to missing DLLs igd10umd64 v= and igd10iumd64 v=
1651895526624	Marionette	INFO	Marionette enabled
[GFX1]: Potential driver version mismatch ignored due to missing DLLs igd10umd64 v= and igd10iumd64 v=
[GFX1-]: Failed to get D3D11VideoDevice: 0x80004002
[GFX1]: Potential driver version mismatch ignored due to missing DLLs igd10umd64 v= and igd10iumd64 v=
[GFX1]: Potential driver version mismatch ignored due to missing DLLs igd10umd64 v= and igd10iumd64 v=
[GFX1]: Potential driver version mismatch ignored due to missing DLLs igd10umd64 v= and igd10iumd64 v=
console.warn: SearchSettings: "get: No settings file exists, new profile?" (new NotFoundError("Could not open the file at C:\\Users\\Home\\AppData\\Local\\Temp\\rust_mozprofileKkCH2w\\search.json.mozlz4", (void 0)))
DevTools listening on ws://localhost:59835/devtools/browser/54f0947c-dca2-4a7f-a797-079346c7b979
1651895528753	Marionette	INFO	Listening on port 59841
1651895528846	RemoteAgent	WARN	TLS certificate errors will be ignored for this session
1651895536365	Marionette	INFO	Stopped listening on port 59841

###!!! [Parent][PContentParent] Error: Send(msgname=PContent::Msg_DestroyBrowsingContextGroup) Closed channel: cannot send/recv


###!!! [Child][PContentChild] Error: RunMessage(msgname=PContent::Reply_DiscardBrowsingContext) Channel closing: too late to send/recv, messages will be lost

1651895573806	geckodriver	INFO	Listening on 127.0.0.1:59934
1651895576888	mozrunner::runner	INFO	Running command: "C:\\Program Files\\Mozilla Firefox\\firefox.exe" "--marionette" "--remote-debugging-port" "59935" "-no-remote" "-profile" "C:\\Users\\Home\\AppData\\Local\\Temp\\rust_mozprofileWO8TO9"
[GFX1]: Potential driver version mismatch ignored due to missing DLLs igd10umd64 v= and igd10iumd64 v=
1651895577420	Marionette	INFO	Marionette enabled
[GFX1]: Potential driver version mismatch ignored due to missing DLLs igd10umd64 v= and igd10iumd64 v=
[GFX1-]: Failed to get D3D11VideoDevice: 0x80004002
[GFX1]: Potential driver version mismatch ignored due to missing DLLs igd10umd64 v= and igd10iumd64 v=
[GFX1]: Potential driver version mismatch ignored due to missing DLLs igd10umd64 v= and igd10iumd64 v=
[GFX1]: Potential driver version mismatch ignored due to missing DLLs igd10umd64 v= and igd10iumd64 v=
console.warn: SearchSettings: "get: No settings file exists, new profile?" (new NotFoundError("Could not open the file at C:\\Users\\Home\\AppData\\Local\\Temp\\rust_mozprofileWO8TO9\\search.json.mozlz4", (void 0)))
DevTools listening on ws://localhost:59935/devtools/browser/f7fc3d0e-d4e0-404c-8db4-63ee2f1b784b
1651895579770	Marionette	INFO	Listening on port 59941
1651895580075	RemoteAgent	WARN	TLS certificate errors will be ignored for this session
1651895587349	Marionette	INFO	Stopped listening on port 59941

###!!! [Parent][PContentParent] Error: Send(msgname=PContent::Msg_DestroyBrowsingContextGroup) Closed channel: cannot send/recv


###!!! [Child][PContentChild] Error: RunMessage(msgname=PContent::Reply_DiscardBrowsingContext) Channel closing: too late to send/recv, messages will be lost


###!!! [Child][PContentChild] Error: Send(msgname=PBrowser::Msg___delete__) Channel closing: too late to send/recv, messages will be lost

[Parent 13328, IPC I/O Parent] WARNING: pipe error: 232: file /builds/worker/checkouts/gecko/ipc/chromium/src/chrome/common/ipc_channel_win.cc:556
1651895992226	geckodriver	INFO	Listening on 127.0.0.1:60048
1651895995330	mozrunner::runner	INFO	Running command: "C:\\Program Files\\Mozilla Firefox\\firefox.exe" "--marionette" "--remote-debugging-port" "60049" "-no-remote" "-profile" "C:\\Users\\Home\\AppData\\Local\\Temp\\rust_mozprofileFJUIJl"
[GFX1]: Potential driver version mismatch ignored due to missing DLLs igd10umd64 v= and igd10iumd64 v=
1651895995826	Marionette	INFO	Marionette enabled
[GFX1]: Potential driver version mismatch ignored due to missing DLLs igd10umd64 v= and igd10iumd64 v=
[GFX1-]: Failed to get D3D11VideoDevice: 0x80004002
[GFX1]: Potential driver version mismatch ignored due to missing DLLs igd10umd64 v= and igd10iumd64 v=
[GFX1]: Potential driver version mismatch ignored due to missing DLLs igd10umd64 v= and igd10iumd64 v=
[GFX1]: Potential driver version mismatch ignored due to missing DLLs igd10umd64 v= and igd10iumd64 v=
console.warn: SearchSettings: "get: No settings file exists, new profile?" (new NotFoundError("Could not open the file at C:\\Users\\Home\\AppData\\Local\\Temp\\rust_mozprofileFJUIJl\\search.json.mozlz4", (void 0)))
DevTools listening on ws://localhost:60049/devtools/browser/24e54656-fbb3-4398-9247-d9e3d3cb0ccf
1651895998130	Marionette	INFO	Listening on port 60054
1651895998571	RemoteAgent	WARN	TLS certificate errors will be ignored for this session
1651896016207	Marionette	INFO	Stopped listening on port 60054
console.warn: TopSitesFeed: Failed to fetch data from Contile server: NetworkError when attempting to fetch resource.
JavaScript error: chrome://remote/content/marionette/cert.js, line 55: NS_ERROR_NOT_AVAILABLE: Component returned failure code: 0x80040111 (NS_ERROR_NOT_AVAILABLE) [nsICertOverrideService.setDisableAllSecurityChecksAndLetAttackersInterceptMyData]
1651896300911	geckodriver	INFO	Listening on 127.0.0.1:60175
1651896304009	mozrunner::runner	INFO	Running command: "C:\\Program Files\\Mozilla Firefox\\firefox.exe" "--marionette" "--remote-debugging-port" "60176" "-no-remote" "-profile" "C:\\Users\\Home\\AppData\\Local\\Temp\\rust_mozprofileolD1aB"
[GFX1]: Potential driver version mismatch ignored due to missing DLLs igd10umd64 v= and igd10iumd64 v=
1651896304527	Marionette	INFO	Marionette enabled
[GFX1]: Potential driver version mismatch ignored due to missing DLLs igd10umd64 v= and igd10iumd64 v=
[GFX1-]: Failed to get D3D11VideoDevice: 0x80004002
[GFX1]: Potential driver version mismatch ignored due to missing DLLs igd10umd64 v= and igd10iumd64 v=
[GFX1]: Potential driver version mismatch ignored due to missing DLLs igd10umd64 v= and igd10iumd64 v=
[GFX1]: Potential driver version mismatch ignored due to missing DLLs igd10umd64 v= and igd10iumd64 v=
console.warn: SearchSettings: "get: No settings file exists, new profile?" (new NotFoundError("Could not open the file at C:\\Users\\Home\\AppData\\Local\\Temp\\rust_mozprofileolD1aB\\search.json.mozlz4", (void 0)))
DevTools listening on ws://localhost:60176/devtools/browser/04ed3108-6350-48d3-bb43-4fc38262c10d
1651896306756	Marionette	INFO	Listening on port 60182
1651896307182	RemoteAgent	WARN	TLS certificate errors will be ignored for this session
1651896316996	Marionette	INFO	Stopped listening on port 60182
1651896463473	geckodriver	INFO	Listening on 127.0.0.1:60276
1651896466579	mozrunner::runner	INFO	Running command: "C:\\Program Files\\Mozilla Firefox\\firefox.exe" "--marionette" "--remote-debugging-port" "60277" "-no-remote" "-profile" "C:\\Users\\Home\\AppData\\Local\\Temp\\rust_mozprofilermlNJF"
[GFX1]: Potential driver version mismatch ignored due to missing DLLs igd10umd64 v= and igd10iumd64 v=
1651896467103	Marionette	INFO	Marionette enabled
[GFX1]: Potential driver version mismatch ignored due to missing DLLs igd10umd64 v= and igd10iumd64 v=
[GFX1-]: Failed to get D3D11VideoDevice: 0x80004002
[GFX1]: Potential driver version mismatch ignored due to missing DLLs igd10umd64 v= and igd10iumd64 v=
[GFX1]: Potential driver version mismatch ignored due to missing DLLs igd10umd64 v= and igd10iumd64 v=
console.warn: SearchSettings: "get: No settings file exists, new profile?" (new NotFoundError("Could not open the file at C:\\Users\\Home\\AppData\\Local\\Temp\\rust_mozprofilermlNJF\\search.json.mozlz4", (void 0)))
[GFX1]: Potential driver version mismatch ignored due to missing DLLs igd10umd64 v= and igd10iumd64 v=
DevTools listening on ws://localhost:60277/devtools/browser/196dd660-633e-4b33-8491-95d84b55e589
1651896469209	Marionette	INFO	Listening on port 60282
1651896469249	RemoteAgent	WARN	TLS certificate errors will be ignored for this session
1651896577861	Marionette	INFO	Stopped listening on port 60282
console.warn: TopSitesFeed: Failed to fetch data from Contile server: NetworkError when attempting to fetch resource.
JavaScript error: chrome://remote/content/marionette/cert.js, line 55: NS_ERROR_NOT_AVAILABLE: Component returned failure code: 0x80040111 (NS_ERROR_NOT_AVAILABLE) [nsICertOverrideService.setDisableAllSecurityChecksAndLetAttackersInterceptMyData]
1651896611832	geckodriver	INFO	Listening on 127.0.0.1:60439
1651896614923	mozrunner::runner	INFO	Running command: "C:\\Program Files\\Mozilla Firefox\\firefox.exe" "--marionette" "--remote-debugging-port" "60440" "-no-remote" "-profile" "C:\\Users\\Home\\AppData\\Local\\Temp\\rust_mozprofilemmTp4i"
[GFX1]: Potential driver version mismatch ignored due to missing DLLs igd10umd64 v= and igd10iumd64 v=
1651896615492	Marionette	INFO	Marionette enabled
[GFX1]: Potential driver version mismatch ignored due to missing DLLs igd10umd64 v= and igd10iumd64 v=
[GFX1-]: Failed to get D3D11VideoDevice: 0x80004002
[GFX1]: Potential driver version mismatch ignored due to missing DLLs igd10umd64 v= and igd10iumd64 v=
[GFX1]: Potential driver version mismatch ignored due to missing DLLs igd10umd64 v= and igd10iumd64 v=
[GFX1]: Potential driver version mismatch ignored due to missing DLLs igd10umd64 v= and igd10iumd64 v=
console.warn: SearchSettings: "get: No settings file exists, new profile?" (new NotFoundError("Could not open the file at C:\\Users\\Home\\AppData\\Local\\Temp\\rust_mozprofilemmTp4i\\search.json.mozlz4", (void 0)))
DevTools listening on ws://localhost:60440/devtools/browser/1013c03f-539c-4640-8985-436280388086
1651896617686	Marionette	INFO	Listening on port 60448
1651896618094	RemoteAgent	WARN	TLS certificate errors will be ignored for this session
JavaScript error: https://static.wbstatic.net/j/spa/index.min.js?eb186c5f616d3135, line 176: Error: 
1651896625365	Marionette	INFO	Stopped listening on port 60448

###!!! [Parent][PContentParent] Error: Send(msgname=PContent::Msg_DestroyBrowsingContextGroup) Closed channel: cannot send/recv


###!!! [Child][PContentChild] Error: Send(msgname=PBrowser::Msg___delete__) Channel closing: too late to send/recv, messages will be lost

1651900030561	geckodriver	INFO	Listening on 127.0.0.1:63475
1651900033618	mozrunner::runner	INFO	Running command: "C:\\Program Files\\Mozilla Firefox\\firefox.exe" "--marionette" "--remote-debugging-port" "63476" "-no-remote" "-profile" "C:\\Users\\Home\\AppData\\Local\\Temp\\rust_mozprofilegIpZe6"
[GFX1]: Potential driver version mismatch ignored due to missing DLLs igd10umd64 v= and igd10iumd64 v=
1651900034204	Marionette	INFO	Marionette enabled
[GFX1]: Potential driver version mismatch ignored due to missing DLLs igd10umd64 v= and igd10iumd64 v=
[GFX1-]: Failed to get D3D11VideoDevice: 0x80004002
[GFX1]: Potential driver version mismatch ignored due to missing DLLs igd10umd64 v= and igd10iumd64 v=
[GFX1]: Potential driver version mismatch ignored due to missing DLLs igd10umd64 v= and igd10iumd64 v=
[GFX1]: Potential driver version mismatch ignored due to missing DLLs igd10umd64 v= and igd10iumd64 v=
console.warn: SearchSettings: "get: No settings file exists, new profile?" (new NotFoundError("Could not open the file at C:\\Users\\Home\\AppData\\Local\\Temp\\rust_mozprofilegIpZe6\\search.json.mozlz4", (void 0)))
DevTools listening on ws://localhost:63476/devtools/browser/7f0a966c-687b-427a-ac89-18ea1e1f991f
1651900036507	Marionette	INFO	Listening on port 63481
1651900036791	RemoteAgent	WARN	TLS certificate errors will be ignored for this session
1651900044555	Marionette	INFO	Stopped listening on port 63481

###!!! [Parent][PContentParent] Error: Send(msgname=PContent::Msg_DestroyBrowsingContextGroup) Closed channel: cannot send/recv


###!!! [Child][PContentChild] Error: RunMessage(msgname=PContent::Reply_DiscardBrowsingContext) Channel closing: too late to send/recv, messages will be lost

1651900089490	geckodriver	INFO	Listening on 127.0.0.1:63576
1651900092581	mozrunner::runner	INFO	Running command: "C:\\Program Files\\Mozilla Firefox\\firefox.exe" "--marionette" "--remote-debugging-port" "63577" "-no-remote" "-profile" "C:\\Users\\Home\\AppData\\Local\\Temp\\rust_mozprofileXsjlBi"
[GFX1]: Potential driver version mismatch ignored due to missing DLLs igd10umd64 v= and igd10iumd64 v=
1651900093215	Marionette	INFO	Marionette enabled
[GFX1]: Potential driver version mismatch ignored due to missing DLLs igd10umd64 v= and igd10iumd64 v=
[GFX1-]: Failed to get D3D11VideoDevice: 0x80004002
[GFX1]: Potential driver version mismatch ignored due to missing DLLs igd10umd64 v= and igd10iumd64 v=
[GFX1]: Potential driver version mismatch ignored due to missing DLLs igd10umd64 v= and igd10iumd64 v=
[GFX1]: Potential driver version mismatch ignored due to missing DLLs igd10umd64 v= and igd10iumd64 v=
console.warn: SearchSettings: "get: No settings file exists, new profile?" (new NotFoundError("Could not open the file at C:\\Users\\Home\\AppData\\Local\\Temp\\rust_mozprofileXsjlBi\\search.json.mozlz4", (void 0)))
DevTools listening on ws://localhost:63577/devtools/browser/f8650120-a44e-4b36-a2cf-e8a1697a2a91
1651900095387	Marionette	INFO	Listening on port 63583
1651900095771	RemoteAgent	WARN	TLS certificate errors will be ignored for this session
1651900103152	Marionette	INFO	Stopped listening on port 63583
1651900161213	geckodriver	INFO	Listening on 127.0.0.1:63679
1651900164269	mozrunner::runner	INFO	Running command: "C:\\Program Files\\Mozilla Firefox\\firefox.exe" "--marionette" "--remote-debugging-port" "63680" "-no-remote" "-profile" "C:\\Users\\Home\\AppData\\Local\\Temp\\rust_mozprofile2QM5DG"
[GFX1]: Potential driver version mismatch ignored due to missing DLLs igd10umd64 v= and igd10iumd64 v=
1651900164933	Marionette	INFO	Marionette enabled
[GFX1]: Potential driver version mismatch ignored due to missing DLLs igd10umd64 v= and igd10iumd64 v=
[GFX1-]: Failed to get D3D11VideoDevice: 0x80004002
[GFX1]: Potential driver version mismatch ignored due to missing DLLs igd10umd64 v= and igd10iumd64 v=
[GFX1]: Potential driver version mismatch ignored due to missing DLLs igd10umd64 v= and igd10iumd64 v=
[GFX1]: Potential driver version mismatch ignored due to missing DLLs igd10umd64 v= and igd10iumd64 v=
console.warn: SearchSettings: "get: No settings file exists, new profile?" (new NotFoundError("Could not open the file at C:\\Users\\Home\\AppData\\Local\\Temp\\rust_mozprofile2QM5DG\\search.json.mozlz4", (void 0)))
DevTools listening on ws://localhost:63680/devtools/browser/0ab83f87-e530-41c5-add1-2f62e3e5b10e
1651900167204	Marionette	INFO	Listening on port 63685
1651900167435	RemoteAgent	WARN	TLS certificate errors will be ignored for this session
JavaScript error: https://static.wbstatic.net/j/spa/index.min.js?eb186c5f616d3135, line 176: Error: 
1651900201601	Marionette	INFO	Stopped listening on port 63685
console.warn: TopSitesFeed: Failed to fetch data from Contile server: NetworkError when attempting to fetch resource.
JavaScript error: chrome://remote/content/marionette/cert.js, line 55: NS_ERROR_NOT_AVAILABLE: Component returned failure code: 0x80040111 (NS_ERROR_NOT_AVAILABLE) [nsICertOverrideService.setDisableAllSecurityChecksAndLetAttackersInterceptMyData]
[Parent 13896, IPC I/O Parent] WARNING: pipe error: 232: file /builds/worker/checkouts/gecko/ipc/chromium/src/chrome/common/ipc_channel_win.cc:556
1651900293864	geckodriver	INFO	Listening on 127.0.0.1:63808
1651900296908	mozrunner::runner	INFO	Running command: "C:\\Program Files\\Mozilla Firefox\\firefox.exe" "--marionette" "--remote-debugging-port" "63809" "-no-remote" "-profile" "C:\\Users\\Home\\AppData\\Local\\Temp\\rust_mozprofilele4zBv"
[GFX1]: Potential driver version mismatch ignored due to missing DLLs igd10umd64 v= and igd10iumd64 v=
1651900297607	Marionette	INFO	Marionette enabled
[GFX1]: Potential driver version mismatch ignored due to missing DLLs igd10umd64 v= and igd10iumd64 v=
[GFX1-]: Failed to get D3D11VideoDevice: 0x80004002
[GFX1]: Potential driver version mismatch ignored due to missing DLLs igd10umd64 v= and igd10iumd64 v=
[GFX1]: Potential driver version mismatch ignored due to missing DLLs igd10umd64 v= and igd10iumd64 v=
[GFX1]: Potential driver version mismatch ignored due to missing DLLs igd10umd64 v= and igd10iumd64 v=
console.warn: SearchSettings: "get: No settings file exists, new profile?" (new NotFoundError("Could not open the file at C:\\Users\\Home\\AppData\\Local\\Temp\\rust_mozprofilele4zBv\\search.json.mozlz4", (void 0)))
DevTools listening on ws://localhost:63809/devtools/browser/40a38fb5-3a0b-44ab-8259-0ef6e3927ce0
1651900300435	Marionette	INFO	Listening on port 63818
1651900300604	RemoteAgent	WARN	TLS certificate errors will be ignored for this session
1651900308416	Marionette	INFO	Stopped listening on port 63818

###!!! [Parent][PContentParent] Error: Send(msgname=PContent::Msg_DestroyBrowsingContextGroup) Closed channel: cannot send/recv


###!!! [Child][PContentChild] Error: Send(msgname=PBrowser::Msg___delete__) Channel closing: too late to send/recv, messages will be lost

1651900437128	geckodriver	INFO	Listening on 127.0.0.1:63911
1651900440223	mozrunner::runner	INFO	Running command: "C:\\Program Files\\Mozilla Firefox\\firefox.exe" "--marionette" "--remote-debugging-port" "63912" "-no-remote" "-profile" "C:\\Users\\Home\\AppData\\Local\\Temp\\rust_mozprofileRdB0aG"
[GFX1]: Potential driver version mismatch ignored due to missing DLLs igd10umd64 v= and igd10iumd64 v=
1651900440750	Marionette	INFO	Marionette enabled
[GFX1]: Potential driver version mismatch ignored due to missing DLLs igd10umd64 v= and igd10iumd64 v=
[GFX1-]: Failed to get D3D11VideoDevice: 0x80004002
[GFX1]: Potential driver version mismatch ignored due to missing DLLs igd10umd64 v= and igd10iumd64 v=
[GFX1]: Potential driver version mismatch ignored due to missing DLLs igd10umd64 v= and igd10iumd64 v=
console.warn: SearchSettings: "get: No settings file exists, new profile?" (new NotFoundError("Could not open the file at C:\\Users\\Home\\AppData\\Local\\Temp\\rust_mozprofileRdB0aG\\search.json.mozlz4", (void 0)))
[GFX1]: Potential driver version mismatch ignored due to missing DLLs igd10umd64 v= and igd10iumd64 v=
DevTools listening on ws://localhost:63912/devtools/browser/bc1ddea3-c9fe-4ada-8d1b-354049c394a6
1651900442894	Marionette	INFO	Listening on port 63917
1651900443404	RemoteAgent	WARN	TLS certificate errors will be ignored for this session
1651900451236	Marionette	INFO	Stopped listening on port 63917

###!!! [Parent][PContentParent] Error: Send(msgname=PContent::Msg_DestroyBrowsingContextGroup) Closed channel: cannot send/recv

1651900469227	geckodriver	INFO	Listening on 127.0.0.1:63995
1651900472305	mozrunner::runner	INFO	Running command: "C:\\Program Files\\Mozilla Firefox\\firefox.exe" "--marionette" "--remote-debugging-port" "63996" "-no-remote" "-profile" "C:\\Users\\Home\\AppData\\Local\\Temp\\rust_mozprofilemJQE6j"
[GFX1]: Potential driver version mismatch ignored due to missing DLLs igd10umd64 v= and igd10iumd64 v=
1651900472830	Marionette	INFO	Marionette enabled
[GFX1]: Potential driver version mismatch ignored due to missing DLLs igd10umd64 v= and igd10iumd64 v=
[GFX1-]: Failed to get D3D11VideoDevice: 0x80004002
[GFX1]: Potential driver version mismatch ignored due to missing DLLs igd10umd64 v= and igd10iumd64 v=
[GFX1]: Potential driver version mismatch ignored due to missing DLLs igd10umd64 v= and igd10iumd64 v=
[GFX1]: Potential driver version mismatch ignored due to missing DLLs igd10umd64 v= and igd10iumd64 v=
console.warn: SearchSettings: "get: No settings file exists, new profile?" (new NotFoundError("Could not open the file at C:\\Users\\Home\\AppData\\Local\\Temp\\rust_mozprofilemJQE6j\\search.json.mozlz4", (void 0)))
DevTools listening on ws://localhost:63996/devtools/browser/657c5172-16d7-461d-8fb6-5bf1acbaeb11
1651900475073	Marionette	INFO	Listening on port 64001
1651900475475	RemoteAgent	WARN	TLS certificate errors will be ignored for this session
1651900482766	Marionette	INFO	Stopped listening on port 64001
